<?xml version="1.0" encoding="UTF-8"?>
<testsuite xmlns:xsi="http://www.w3.org/2001/XMLSchema-instance" xsi:noNamespaceSchemaLocation="https://maven.apache.org/surefire/maven-surefire-plugin/xsd/surefire-test-report-3.0.xsd" version="3.0" name="TestSuite" time="134.723" tests="2" errors="0" skipped="0" failures="0">
  <properties>
    <property name="java.specification.version" value="16"/>
    <property name="sun.jnu.encoding" value="UTF-8"/>
    <property name="java.class.path" value="/Users/ekaterinavolobchenko/Documents/UseVerb/target/test-classes:/Users/ekaterinavolobchenko/Documents/UseVerb/target/classes:/Users/ekaterinavolobchenko/.m2/repository/org/slf4j/slf4j-api/1.7.5/slf4j-api-1.7.5.jar:/Users/ekaterinavolobchenko/.m2/repository/org/slf4j/slf4j-log4j12/1.7.5/slf4j-log4j12-1.7.5.jar:/Users/ekaterinavolobchenko/.m2/repository/log4j/log4j/1.2.17/log4j-1.2.17.jar:/Users/ekaterinavolobchenko/.m2/repository/org/seleniumhq/selenium/selenium-chrome-driver/3.141.59/selenium-chrome-driver-3.141.59.jar:/Users/ekaterinavolobchenko/.m2/repository/org/seleniumhq/selenium/selenium-api/3.141.59/selenium-api-3.141.59.jar:/Users/ekaterinavolobchenko/.m2/repository/org/seleniumhq/selenium/selenium-remote-driver/3.141.59/selenium-remote-driver-3.141.59.jar:/Users/ekaterinavolobchenko/.m2/repository/net/bytebuddy/byte-buddy/1.8.15/byte-buddy-1.8.15.jar:/Users/ekaterinavolobchenko/.m2/repository/org/apache/commons/commons-exec/1.3/commons-exec-1.3.jar:/Users/ekaterinavolobchenko/.m2/repository/com/google/guava/guava/25.0-jre/guava-25.0-jre.jar:/Users/ekaterinavolobchenko/.m2/repository/com/google/code/findbugs/jsr305/1.3.9/jsr305-1.3.9.jar:/Users/ekaterinavolobchenko/.m2/repository/org/checkerframework/checker-compat-qual/2.0.0/checker-compat-qual-2.0.0.jar:/Users/ekaterinavolobchenko/.m2/repository/com/google/errorprone/error_prone_annotations/2.1.3/error_prone_annotations-2.1.3.jar:/Users/ekaterinavolobchenko/.m2/repository/com/google/j2objc/j2objc-annotations/1.1/j2objc-annotations-1.1.jar:/Users/ekaterinavolobchenko/.m2/repository/org/codehaus/mojo/animal-sniffer-annotations/1.14/animal-sniffer-annotations-1.14.jar:/Users/ekaterinavolobchenko/.m2/repository/com/squareup/okhttp3/okhttp/3.11.0/okhttp-3.11.0.jar:/Users/ekaterinavolobchenko/.m2/repository/com/squareup/okio/okio/1.14.0/okio-1.14.0.jar:/Users/ekaterinavolobchenko/.m2/repository/io/appium/java-client/7.2.0/java-client-7.2.0.jar:/Users/ekaterinavolobchenko/.m2/repository/org/seleniumhq/selenium/selenium-support/3.141.59/selenium-support-3.141.59.jar:/Users/ekaterinavolobchenko/.m2/repository/com/google/code/gson/gson/2.8.5/gson-2.8.5.jar:/Users/ekaterinavolobchenko/.m2/repository/org/apache/httpcomponents/httpclient/4.5.9/httpclient-4.5.9.jar:/Users/ekaterinavolobchenko/.m2/repository/org/apache/httpcomponents/httpcore/4.4.11/httpcore-4.4.11.jar:/Users/ekaterinavolobchenko/.m2/repository/commons-logging/commons-logging/1.2/commons-logging-1.2.jar:/Users/ekaterinavolobchenko/.m2/repository/commons-codec/commons-codec/1.11/commons-codec-1.11.jar:/Users/ekaterinavolobchenko/.m2/repository/cglib/cglib/3.2.12/cglib-3.2.12.jar:/Users/ekaterinavolobchenko/.m2/repository/org/ow2/asm/asm/7.1/asm-7.1.jar:/Users/ekaterinavolobchenko/.m2/repository/commons-validator/commons-validator/1.6/commons-validator-1.6.jar:/Users/ekaterinavolobchenko/.m2/repository/commons-beanutils/commons-beanutils/1.9.2/commons-beanutils-1.9.2.jar:/Users/ekaterinavolobchenko/.m2/repository/commons-digester/commons-digester/1.8.1/commons-digester-1.8.1.jar:/Users/ekaterinavolobchenko/.m2/repository/commons-collections/commons-collections/3.2.2/commons-collections-3.2.2.jar:/Users/ekaterinavolobchenko/.m2/repository/org/apache/commons/commons-lang3/3.9/commons-lang3-3.9.jar:/Users/ekaterinavolobchenko/.m2/repository/commons-io/commons-io/2.6/commons-io-2.6.jar:/Users/ekaterinavolobchenko/.m2/repository/org/springframework/spring-context/5.1.8.RELEASE/spring-context-5.1.8.RELEASE.jar:/Users/ekaterinavolobchenko/.m2/repository/org/springframework/spring-aop/5.1.8.RELEASE/spring-aop-5.1.8.RELEASE.jar:/Users/ekaterinavolobchenko/.m2/repository/org/springframework/spring-beans/5.1.8.RELEASE/spring-beans-5.1.8.RELEASE.jar:/Users/ekaterinavolobchenko/.m2/repository/org/springframework/spring-core/5.1.8.RELEASE/spring-core-5.1.8.RELEASE.jar:/Users/ekaterinavolobchenko/.m2/repository/org/springframework/spring-jcl/5.1.8.RELEASE/spring-jcl-5.1.8.RELEASE.jar:/Users/ekaterinavolobchenko/.m2/repository/org/springframework/spring-expression/5.1.8.RELEASE/spring-expression-5.1.8.RELEASE.jar:/Users/ekaterinavolobchenko/.m2/repository/org/aspectj/aspectjweaver/1.9.4/aspectjweaver-1.9.4.jar:/Users/ekaterinavolobchenko/.m2/repository/org/seleniumhq/selenium/selenium-java/3.141.59/selenium-java-3.141.59.jar:/Users/ekaterinavolobchenko/.m2/repository/org/seleniumhq/selenium/selenium-edge-driver/3.141.59/selenium-edge-driver-3.141.59.jar:/Users/ekaterinavolobchenko/.m2/repository/org/seleniumhq/selenium/selenium-firefox-driver/3.141.59/selenium-firefox-driver-3.141.59.jar:/Users/ekaterinavolobchenko/.m2/repository/org/seleniumhq/selenium/selenium-ie-driver/3.141.59/selenium-ie-driver-3.141.59.jar:/Users/ekaterinavolobchenko/.m2/repository/org/seleniumhq/selenium/selenium-opera-driver/3.141.59/selenium-opera-driver-3.141.59.jar:/Users/ekaterinavolobchenko/.m2/repository/org/seleniumhq/selenium/selenium-safari-driver/3.141.59/selenium-safari-driver-3.141.59.jar:/Users/ekaterinavolobchenko/.m2/repository/org/testng/testng/6.14.3/testng-6.14.3.jar:/Users/ekaterinavolobchenko/.m2/repository/com/beust/jcommander/1.72/jcommander-1.72.jar:/Users/ekaterinavolobchenko/.m2/repository/org/apache-extras/beanshell/bsh/2.0b6/bsh-2.0b6.jar:/Users/ekaterinavolobchenko/.m2/repository/io/qameta/allure/allure-testng/2.12.1/allure-testng-2.12.1.jar:/Users/ekaterinavolobchenko/.m2/repository/io/qameta/allure/allure-java-commons/2.12.1/allure-java-commons-2.12.1.jar:/Users/ekaterinavolobchenko/.m2/repository/io/qameta/allure/allure-model/2.12.1/allure-model-2.12.1.jar:/Users/ekaterinavolobchenko/.m2/repository/com/fasterxml/jackson/core/jackson-databind/2.9.8/jackson-databind-2.9.8.jar:/Users/ekaterinavolobchenko/.m2/repository/com/fasterxml/jackson/core/jackson-annotations/2.9.0/jackson-annotations-2.9.0.jar:/Users/ekaterinavolobchenko/.m2/repository/com/fasterxml/jackson/core/jackson-core/2.9.8/jackson-core-2.9.8.jar:/Users/ekaterinavolobchenko/.m2/repository/org/apache/tika/tika-core/1.20/tika-core-1.20.jar:/Users/ekaterinavolobchenko/.m2/repository/org/jooq/joor-java-8/0.9.10/joor-java-8-0.9.10.jar:"/>
    <property name="java.vm.vendor" value="Oracle Corporation"/>
    <property name="sun.arch.data.model" value="64"/>
    <property name="java.vendor.url" value="https://java.oracle.com/"/>
    <property name="user.timezone" value="Europe/Moscow"/>
    <property name="os.name" value="Mac OS X"/>
    <property name="java.vm.specification.version" value="16"/>
    <property name="sun.java.launcher" value="SUN_STANDARD"/>
    <property name="user.country" value="RU"/>
    <property name="sun.boot.library.path" value="/Library/Java/JavaVirtualMachines/jdk-16.jdk/Contents/Home/lib"/>
    <property name="sun.java.command" value="/Users/ekaterinavolobchenko/Documents/UseVerb/target/surefire/surefirebooter6636157102509840211.jar /Users/ekaterinavolobchenko/Documents/UseVerb/target/surefire 2021-05-05T10-42-45_289-jvmRun1 surefire13113310626600092595tmp surefire_09788990426942101114tmp"/>
    <property name="http.nonProxyHosts" value="local|*.local|169.254/16|*.169.254/16"/>
    <property name="jdk.debug" value="release"/>
    <property name="surefire.test.class.path" value="/Users/ekaterinavolobchenko/Documents/UseVerb/target/test-classes:/Users/ekaterinavolobchenko/Documents/UseVerb/target/classes:/Users/ekaterinavolobchenko/.m2/repository/org/slf4j/slf4j-api/1.7.5/slf4j-api-1.7.5.jar:/Users/ekaterinavolobchenko/.m2/repository/org/slf4j/slf4j-log4j12/1.7.5/slf4j-log4j12-1.7.5.jar:/Users/ekaterinavolobchenko/.m2/repository/log4j/log4j/1.2.17/log4j-1.2.17.jar:/Users/ekaterinavolobchenko/.m2/repository/org/seleniumhq/selenium/selenium-chrome-driver/3.141.59/selenium-chrome-driver-3.141.59.jar:/Users/ekaterinavolobchenko/.m2/repository/org/seleniumhq/selenium/selenium-api/3.141.59/selenium-api-3.141.59.jar:/Users/ekaterinavolobchenko/.m2/repository/org/seleniumhq/selenium/selenium-remote-driver/3.141.59/selenium-remote-driver-3.141.59.jar:/Users/ekaterinavolobchenko/.m2/repository/net/bytebuddy/byte-buddy/1.8.15/byte-buddy-1.8.15.jar:/Users/ekaterinavolobchenko/.m2/repository/org/apache/commons/commons-exec/1.3/commons-exec-1.3.jar:/Users/ekaterinavolobchenko/.m2/repository/com/google/guava/guava/25.0-jre/guava-25.0-jre.jar:/Users/ekaterinavolobchenko/.m2/repository/com/google/code/findbugs/jsr305/1.3.9/jsr305-1.3.9.jar:/Users/ekaterinavolobchenko/.m2/repository/org/checkerframework/checker-compat-qual/2.0.0/checker-compat-qual-2.0.0.jar:/Users/ekaterinavolobchenko/.m2/repository/com/google/errorprone/error_prone_annotations/2.1.3/error_prone_annotations-2.1.3.jar:/Users/ekaterinavolobchenko/.m2/repository/com/google/j2objc/j2objc-annotations/1.1/j2objc-annotations-1.1.jar:/Users/ekaterinavolobchenko/.m2/repository/org/codehaus/mojo/animal-sniffer-annotations/1.14/animal-sniffer-annotations-1.14.jar:/Users/ekaterinavolobchenko/.m2/repository/com/squareup/okhttp3/okhttp/3.11.0/okhttp-3.11.0.jar:/Users/ekaterinavolobchenko/.m2/repository/com/squareup/okio/okio/1.14.0/okio-1.14.0.jar:/Users/ekaterinavolobchenko/.m2/repository/io/appium/java-client/7.2.0/java-client-7.2.0.jar:/Users/ekaterinavolobchenko/.m2/repository/org/seleniumhq/selenium/selenium-support/3.141.59/selenium-support-3.141.59.jar:/Users/ekaterinavolobchenko/.m2/repository/com/google/code/gson/gson/2.8.5/gson-2.8.5.jar:/Users/ekaterinavolobchenko/.m2/repository/org/apache/httpcomponents/httpclient/4.5.9/httpclient-4.5.9.jar:/Users/ekaterinavolobchenko/.m2/repository/org/apache/httpcomponents/httpcore/4.4.11/httpcore-4.4.11.jar:/Users/ekaterinavolobchenko/.m2/repository/commons-logging/commons-logging/1.2/commons-logging-1.2.jar:/Users/ekaterinavolobchenko/.m2/repository/commons-codec/commons-codec/1.11/commons-codec-1.11.jar:/Users/ekaterinavolobchenko/.m2/repository/cglib/cglib/3.2.12/cglib-3.2.12.jar:/Users/ekaterinavolobchenko/.m2/repository/org/ow2/asm/asm/7.1/asm-7.1.jar:/Users/ekaterinavolobchenko/.m2/repository/commons-validator/commons-validator/1.6/commons-validator-1.6.jar:/Users/ekaterinavolobchenko/.m2/repository/commons-beanutils/commons-beanutils/1.9.2/commons-beanutils-1.9.2.jar:/Users/ekaterinavolobchenko/.m2/repository/commons-digester/commons-digester/1.8.1/commons-digester-1.8.1.jar:/Users/ekaterinavolobchenko/.m2/repository/commons-collections/commons-collections/3.2.2/commons-collections-3.2.2.jar:/Users/ekaterinavolobchenko/.m2/repository/org/apache/commons/commons-lang3/3.9/commons-lang3-3.9.jar:/Users/ekaterinavolobchenko/.m2/repository/commons-io/commons-io/2.6/commons-io-2.6.jar:/Users/ekaterinavolobchenko/.m2/repository/org/springframework/spring-context/5.1.8.RELEASE/spring-context-5.1.8.RELEASE.jar:/Users/ekaterinavolobchenko/.m2/repository/org/springframework/spring-aop/5.1.8.RELEASE/spring-aop-5.1.8.RELEASE.jar:/Users/ekaterinavolobchenko/.m2/repository/org/springframework/spring-beans/5.1.8.RELEASE/spring-beans-5.1.8.RELEASE.jar:/Users/ekaterinavolobchenko/.m2/repository/org/springframework/spring-core/5.1.8.RELEASE/spring-core-5.1.8.RELEASE.jar:/Users/ekaterinavolobchenko/.m2/repository/org/springframework/spring-jcl/5.1.8.RELEASE/spring-jcl-5.1.8.RELEASE.jar:/Users/ekaterinavolobchenko/.m2/repository/org/springframework/spring-expression/5.1.8.RELEASE/spring-expression-5.1.8.RELEASE.jar:/Users/ekaterinavolobchenko/.m2/repository/org/aspectj/aspectjweaver/1.9.4/aspectjweaver-1.9.4.jar:/Users/ekaterinavolobchenko/.m2/repository/org/seleniumhq/selenium/selenium-java/3.141.59/selenium-java-3.141.59.jar:/Users/ekaterinavolobchenko/.m2/repository/org/seleniumhq/selenium/selenium-edge-driver/3.141.59/selenium-edge-driver-3.141.59.jar:/Users/ekaterinavolobchenko/.m2/repository/org/seleniumhq/selenium/selenium-firefox-driver/3.141.59/selenium-firefox-driver-3.141.59.jar:/Users/ekaterinavolobchenko/.m2/repository/org/seleniumhq/selenium/selenium-ie-driver/3.141.59/selenium-ie-driver-3.141.59.jar:/Users/ekaterinavolobchenko/.m2/repository/org/seleniumhq/selenium/selenium-opera-driver/3.141.59/selenium-opera-driver-3.141.59.jar:/Users/ekaterinavolobchenko/.m2/repository/org/seleniumhq/selenium/selenium-safari-driver/3.141.59/selenium-safari-driver-3.141.59.jar:/Users/ekaterinavolobchenko/.m2/repository/org/testng/testng/6.14.3/testng-6.14.3.jar:/Users/ekaterinavolobchenko/.m2/repository/com/beust/jcommander/1.72/jcommander-1.72.jar:/Users/ekaterinavolobchenko/.m2/repository/org/apache-extras/beanshell/bsh/2.0b6/bsh-2.0b6.jar:/Users/ekaterinavolobchenko/.m2/repository/io/qameta/allure/allure-testng/2.12.1/allure-testng-2.12.1.jar:/Users/ekaterinavolobchenko/.m2/repository/io/qameta/allure/allure-java-commons/2.12.1/allure-java-commons-2.12.1.jar:/Users/ekaterinavolobchenko/.m2/repository/io/qameta/allure/allure-model/2.12.1/allure-model-2.12.1.jar:/Users/ekaterinavolobchenko/.m2/repository/com/fasterxml/jackson/core/jackson-databind/2.9.8/jackson-databind-2.9.8.jar:/Users/ekaterinavolobchenko/.m2/repository/com/fasterxml/jackson/core/jackson-annotations/2.9.0/jackson-annotations-2.9.0.jar:/Users/ekaterinavolobchenko/.m2/repository/com/fasterxml/jackson/core/jackson-core/2.9.8/jackson-core-2.9.8.jar:/Users/ekaterinavolobchenko/.m2/repository/org/apache/tika/tika-core/1.20/tika-core-1.20.jar:/Users/ekaterinavolobchenko/.m2/repository/org/jooq/joor-java-8/0.9.10/joor-java-8-0.9.10.jar:"/>
    <property name="allure.results.directory" value="/Users/ekaterinavolobchenko/Documents/UseVerb/allure-results"/>
    <property name="sun.cpu.endian" value="little"/>
    <property name="user.home" value="/Users/ekaterinavolobchenko"/>
    <property name="user.language" value="ru"/>
    <property name="java.specification.vendor" value="Oracle Corporation"/>
    <property name="java.version.date" value="2021-03-16"/>
    <property name="java.home" value="/Library/Java/JavaVirtualMachines/jdk-16.jdk/Contents/Home"/>
    <property name="file.separator" value="/"/>
    <property name="basedir" value="/Users/ekaterinavolobchenko/Documents/UseVerb"/>
    <property name="java.vm.compressedOopsMode" value="Zero based"/>
    <property name="line.separator" value="&#10;"/>
    <property name="java.specification.name" value="Java Platform API Specification"/>
    <property name="java.vm.specification.vendor" value="Oracle Corporation"/>
    <property name="surefire.real.class.path" value="/Users/ekaterinavolobchenko/Documents/UseVerb/target/surefire/surefirebooter6636157102509840211.jar"/>
    <property name="sun.management.compiler" value="HotSpot 64-Bit Tiered Compilers"/>
    <property name="ftp.nonProxyHosts" value="local|*.local|169.254/16|*.169.254/16"/>
    <property name="java.runtime.version" value="16+36-2231"/>
    <property name="user.name" value="ekaterinavolobchenko"/>
    <property name="path.separator" value=":"/>
    <property name="os.version" value="10.16"/>
    <property name="java.runtime.name" value="Java(TM) SE Runtime Environment"/>
    <property name="file.encoding" value="UTF-8"/>
    <property name="java.vm.name" value="Java HotSpot(TM) 64-Bit Server VM"/>
    <property name="localRepository" value="/Users/ekaterinavolobchenko/.m2/repository"/>
    <property name="java.vendor.url.bug" value="https://bugreport.java.com/bugreport/"/>
    <property name="java.io.tmpdir" value="/var/folders/nn/pg6605yx2vgg6qt4qvwmrvtw0000gn/T/"/>
    <property name="java.version" value="16"/>
    <property name="user.dir" value="/Users/ekaterinavolobchenko/Documents/UseVerb"/>
    <property name="os.arch" value="x86_64"/>
    <property name="java.vm.specification.name" value="Java Virtual Machine Specification"/>
    <property name="java.library.path" value="/Users/ekaterinavolobchenko/Library/Java/Extensions:/Library/Java/Extensions:/Network/Library/Java/Extensions:/System/Library/Java/Extensions:/usr/lib/java:."/>
    <property name="java.vm.info" value="mixed mode, sharing"/>
    <property name="java.vendor" value="Oracle Corporation"/>
    <property name="java.vm.version" value="16+36-2231"/>
    <property name="sun.io.unicode.encoding" value="UnicodeBig"/>
    <property name="socksNonProxyHosts" value="local|*.local|169.254/16|*.169.254/16"/>
    <property name="java.class.version" value="60.0"/>
  </properties>
  <testcase name="Test2" classname="Test.LoginPageIOS" time="15.678">
    <system-out><![CDATA[...
... TestNG 6.14.3 by Cédric Beust (cedric@beust.com)
...

]]></system-out>
    <system-err><![CDATA[мая 05, 2021 10:43:24 AM io.appium.java_client.remote.AppiumCommandExecutor$1 lambda$0
INFO: Detected dialect: W3C
]]></system-err>
  </testcase>
  <testcase name="Test1" classname="Test.LoginPageAndroid" time="9.1">
    <system-err><![CDATA[мая 05, 2021 10:44:40 AM io.appium.java_client.remote.AppiumCommandExecutor$1 lambda$0
INFO: Detected dialect: W3C
]]></system-err>
  </testcase>
</testsuite>