<?xml version="1.0" encoding="UTF-8"?>
<!-- Generated by org.testng.reporters.JUnitReportReporter -->
<testsuite hostname="MacBook-Pro-Jenia-4.local" failures="0" tests="1" name="Test.LoginPageIOS" time="15.684" errors="0" timestamp="05 мая 2021 07:45:03 GMT" skipped="0">
  <testcase classname="Test.LoginPageIOS" name="Test2" time="15.684"/>
</testsuite> <!-- Test.LoginPageIOS -->
