<?xml version="1.0" encoding="UTF-8"?>
<!-- Generated by org.testng.reporters.JUnitReportReporter -->
<testsuite hostname="MacBook-Pro-Jenia-4.local" failures="0" tests="1" name="Test.LoginPageAndroid" time="9.096" errors="0" timestamp="05 мая 2021 07:45:03 GMT" skipped="0">
  <testcase classname="Test.LoginPageAndroid" name="Test1" time="9.096"/>
</testsuite> <!-- Test.LoginPageAndroid -->
